c:\users\tulci\onedrive\pulpit\mentoring\cpp\raytracer\raytracer\x64\debug\vc143.pdb
c:\users\tulci\onedrive\pulpit\mentoring\cpp\raytracer\raytracer\x64\debug\vc143.idb
c:\users\tulci\onedrive\pulpit\mentoring\cpp\raytracer\raytracer\x64\debug\sphere.obj
c:\users\tulci\onedrive\pulpit\mentoring\cpp\raytracer\raytracer\x64\debug\raytracer.obj
c:\users\tulci\onedrive\pulpit\mentoring\cpp\raytracer\raytracer\x64\debug\ray.obj
c:\users\tulci\onedrive\pulpit\mentoring\cpp\raytracer\raytracer\x64\debug\scene.obj
c:\users\tulci\onedrive\pulpit\mentoring\cpp\raytracer\raytracer\x64\debug\camera.obj
c:\users\tulci\onedrive\pulpit\mentoring\cpp\raytracer\raytracer\x64\debug\raytracer.ilk
c:\users\tulci\onedrive\pulpit\mentoring\cpp\raytracer\x64\debug\raytracer.pdb
c:\users\tulci\onedrive\pulpit\mentoring\cpp\raytracer\raytracer\x64\debug\raytracer.tlog\cl.command.1.tlog
c:\users\tulci\onedrive\pulpit\mentoring\cpp\raytracer\raytracer\x64\debug\raytracer.tlog\cl.items.tlog
c:\users\tulci\onedrive\pulpit\mentoring\cpp\raytracer\raytracer\x64\debug\raytracer.tlog\cl.read.1.tlog
c:\users\tulci\onedrive\pulpit\mentoring\cpp\raytracer\raytracer\x64\debug\raytracer.tlog\cl.write.1.tlog
c:\users\tulci\onedrive\pulpit\mentoring\cpp\raytracer\raytracer\x64\debug\raytracer.tlog\link-cvtres.read.1.tlog
c:\users\tulci\onedrive\pulpit\mentoring\cpp\raytracer\raytracer\x64\debug\raytracer.tlog\link-cvtres.write.1.tlog
c:\users\tulci\onedrive\pulpit\mentoring\cpp\raytracer\raytracer\x64\debug\raytracer.tlog\link-rc.read.1.tlog
c:\users\tulci\onedrive\pulpit\mentoring\cpp\raytracer\raytracer\x64\debug\raytracer.tlog\link-rc.write.1.tlog
c:\users\tulci\onedrive\pulpit\mentoring\cpp\raytracer\raytracer\x64\debug\raytracer.tlog\link.5476-cvtres.read.1.tlog
c:\users\tulci\onedrive\pulpit\mentoring\cpp\raytracer\raytracer\x64\debug\raytracer.tlog\link.5476-cvtres.write.1.tlog
c:\users\tulci\onedrive\pulpit\mentoring\cpp\raytracer\raytracer\x64\debug\raytracer.tlog\link.5476-rc.read.1.tlog
c:\users\tulci\onedrive\pulpit\mentoring\cpp\raytracer\raytracer\x64\debug\raytracer.tlog\link.5476-rc.write.1.tlog
c:\users\tulci\onedrive\pulpit\mentoring\cpp\raytracer\raytracer\x64\debug\raytracer.tlog\link.5476.read.1.tlog
c:\users\tulci\onedrive\pulpit\mentoring\cpp\raytracer\raytracer\x64\debug\raytracer.tlog\link.5476.read.2.tlog
c:\users\tulci\onedrive\pulpit\mentoring\cpp\raytracer\raytracer\x64\debug\raytracer.tlog\link.5476.read.3.tlog
c:\users\tulci\onedrive\pulpit\mentoring\cpp\raytracer\raytracer\x64\debug\raytracer.tlog\link.5476.read.4.tlog
c:\users\tulci\onedrive\pulpit\mentoring\cpp\raytracer\raytracer\x64\debug\raytracer.tlog\link.5476.write.1.tlog
c:\users\tulci\onedrive\pulpit\mentoring\cpp\raytracer\raytracer\x64\debug\raytracer.tlog\link.command.1.tlog
c:\users\tulci\onedrive\pulpit\mentoring\cpp\raytracer\raytracer\x64\debug\raytracer.tlog\link.read.1.tlog
c:\users\tulci\onedrive\pulpit\mentoring\cpp\raytracer\raytracer\x64\debug\raytracer.tlog\link.read.2.tlog
c:\users\tulci\onedrive\pulpit\mentoring\cpp\raytracer\raytracer\x64\debug\raytracer.tlog\link.read.3.tlog
c:\users\tulci\onedrive\pulpit\mentoring\cpp\raytracer\raytracer\x64\debug\raytracer.tlog\link.read.4.tlog
c:\users\tulci\onedrive\pulpit\mentoring\cpp\raytracer\raytracer\x64\debug\raytracer.tlog\link.secondary.1.tlog
c:\users\tulci\onedrive\pulpit\mentoring\cpp\raytracer\raytracer\x64\debug\raytracer.tlog\link.write.1.tlog
